mex(...
'-c', ...
'C:\Users\Nici\Desktop\Programming\Sorting\SimulinkModel\EchtSystem\Schieber\slprj\_slcc\ptA2Y6eFWsO49C4dugaBrH\slcc_interface_ptA2Y6eFWsO49C4dugaBrH.c', ...
'C:\Users\Nici\Desktop\Programming\Sorting\SimulinkModel\EchtSystem\Schieber\slprj\_slcc\ptA2Y6eFWsO49C4dugaBrH\customcode_ptA2Y6eFWsO49C4dugaBrH.c', ...
'-silent', ...
'-largeArrayDims', ...
'-f', ...
'C:\Program Files\MATLAB\R2018b\bin\win64\mexopts\mingw64.xml', ...
'LDEXT=".dll"', ...
'LINKEXPORT=', ...
'LINKEXPORTVER=', ...
'-Ic:\program files\matlab\r2018b\extern\include', ...
'-Ic:\program files\matlab\r2018b\simulink\include', ...
'-Ic:\users\nici\desktop\programming\sorting\simulinkmodel\echtsystem\schieber\slprj\_slcc\pta2y6efwso49c4dugabrh', ...
'-Ic:\users\nici\desktop\programming\sorting\simulinkmodel\echtsystem\gesamtsystem', ...
'-Ic:\users\nici\desktop\programming\sorting\simulinkmodel\echtsystem\schieber', ...
'CFLAGS=$CFLAGS  -fvisibility=hidden');
mex(...
'slcc_interface_ptA2Y6eFWsO49C4dugaBrH.obj', ...
'customcode_ptA2Y6eFWsO49C4dugaBrH.obj', ...
'-silent', ...
'-largeArrayDims', ...
'-f', ...
'C:\Program Files\MATLAB\R2018b\bin\win64\mexopts\mingw64.xml', ...
'LDEXT=".dll"', ...
'LINKEXPORT=', ...
'LINKEXPORTVER=', ...
'-Ic:\program files\matlab\r2018b\extern\include', ...
'-Ic:\program files\matlab\r2018b\simulink\include', ...
'-Ic:\users\nici\desktop\programming\sorting\simulinkmodel\echtsystem\schieber\slprj\_slcc\pta2y6efwso49c4dugabrh', ...
'-Ic:\users\nici\desktop\programming\sorting\simulinkmodel\echtsystem\gesamtsystem', ...
'-Ic:\users\nici\desktop\programming\sorting\simulinkmodel\echtsystem\schieber', ...
'CFLAGS=$CFLAGS  -fvisibility=hidden', ...
'LDFLAGS=$LDFLAGS "C:\Program Files\MATLAB\R2018b\extern\lib\win64\mingw64\libmwsl_sfcn_cov_bridge.lib" -Wl,--output-def,ptA2Y6eFWsO49C4dugaBrH_cclib.def,--out-implib,ptA2Y6eFWsO49C4dugaBrH_cclib.lib', ...
'-output', ...
'ptA2Y6eFWsO49C4dugaBrH_cclib');
